<?xml version="1.0" encoding="UTF-8"?>
<robot generator="Robot 3.2.1 (Python 3.8.3 on win32)" generated="20200821 17:34:07.369" rpa="false">
<suite id="s1" name="MouseOperation" source="C:\Users\bashi\PycharmProjects\TestAutomation\TestCase\MouseOperation.robot">
<test id="s1-t1" name="MouseTest">
<kw name="Open Browser" library="SeleniumLibrary">
<doc>Opens a new browser instance to the given ``url``.</doc>
<arguments>
<arg>${url1}</arg>
<arg>${browser}</arg>
</arguments>
<msg timestamp="20200821 17:34:07.825" level="INFO">Opening browser 'chrome' to base url 'http://www.dhtmlgoodies.com/scripts/drag-drop-custom/demo-drag-drop-3.html'.</msg>
<status status="PASS" starttime="20200821 17:34:07.825" endtime="20200821 17:34:13.424"></status>
</kw>
<kw name="Maximize Browser Window" library="SeleniumLibrary">
<doc>Maximizes current browser window.</doc>
<status status="PASS" starttime="20200821 17:34:13.425" endtime="20200821 17:34:17.203"></status>
</kw>
<kw name="Sleep" library="BuiltIn">
<doc>Pauses the test executed for the given time.</doc>
<arguments>
<arg>2</arg>
</arguments>
<msg timestamp="20200821 17:34:19.217" level="INFO">Slept 2 seconds</msg>
<status status="PASS" starttime="20200821 17:34:17.212" endtime="20200821 17:34:19.217"></status>
</kw>
<kw name="Drag And Drop" library="SeleniumLibrary">
<doc>Drags element identified by ``locator`` into ``target`` element.</doc>
<arguments>
<arg>id:box5</arg>
<arg>id:box101</arg>
</arguments>
<status status="PASS" starttime="20200821 17:34:19.217" endtime="20200821 17:34:19.806"></status>
</kw>
<kw name="Sleep" library="BuiltIn">
<doc>Pauses the test executed for the given time.</doc>
<arguments>
<arg>2</arg>
</arguments>
<msg timestamp="20200821 17:34:21.812" level="INFO">Slept 2 seconds</msg>
<status status="PASS" starttime="20200821 17:34:19.807" endtime="20200821 17:34:21.812"></status>
</kw>
<kw name="Go To" library="SeleniumLibrary">
<doc>Navigates the active browser instance to the provided ``url``.</doc>
<arguments>
<arg>${url2}</arg>
</arguments>
<msg timestamp="20200821 17:34:21.813" level="INFO">Opening url 'https://swisnl.github.io/jQuery-contextMenu/demo.html'</msg>
<status status="PASS" starttime="20200821 17:34:21.813" endtime="20200821 17:34:23.854"></status>
</kw>
<kw name="Open Context Menu" library="SeleniumLibrary">
<doc>Opens context menu on element identified by ``locator``.</doc>
<arguments>
<arg>xpath:/html/body/div/section/div/div/div/p/span</arg>
</arguments>
<status status="PASS" starttime="20200821 17:34:23.855" endtime="20200821 17:34:24.232"></status>
</kw>
<status status="PASS" starttime="20200821 17:34:07.824" endtime="20200821 17:34:24.234" critical="yes"></status>
</test>
<status status="PASS" starttime="20200821 17:34:07.374" endtime="20200821 17:34:24.239"></status>
</suite>
<statistics>
<total>
<stat pass="1" fail="0">Critical Tests</stat>
<stat pass="1" fail="0">All Tests</stat>
</total>
<tag>
</tag>
<suite>
<stat pass="1" fail="0" id="s1" name="MouseOperation">MouseOperation</stat>
</suite>
</statistics>
<errors>
</errors>
</robot>
