<?xml version="1.0" encoding="UTF-8"?>
<robot generator="Robot 3.2.1 (Python 3.8.3 on win32)" generated="20200823 23:19:15.720" rpa="false">
<suite id="s1" name="DataDrivenLoginExcel" source="C:\Users\bashi\PycharmProjects\TestAutomation\TestCase\DataDrivenLoginExcel.robot">
<kw name="Open my browser" library="LoginResource" type="setup">
<kw name="Open Browser" library="SeleniumLibrary">
<doc>Opens a new browser instance to the given ``url``.</doc>
<arguments>
<arg>${url1}</arg>
<arg>${browser}</arg>
</arguments>
<msg timestamp="20200823 23:19:19.083" level="INFO">Opening browser 'chrome' to base url 'https://admin-demo.nopcommerce.com/login?ReturnUrl=%2Fadmin%2F'.</msg>
<status status="PASS" starttime="20200823 23:19:19.083" endtime="20200823 23:19:25.577"></status>
</kw>
<kw name="Maximize Browser Window" library="SeleniumLibrary">
<doc>Maximizes current browser window.</doc>
<status status="PASS" starttime="20200823 23:19:25.577" endtime="20200823 23:19:27.752"></status>
</kw>
<status status="PASS" starttime="20200823 23:19:19.083" endtime="20200823 23:19:27.752"></status>
</kw>
<test id="s1-t1" name="LoginTestWithExcel using admin@yourstore.com and 12345">
<kw name="Invalid Login">
<arguments>
<arg>admin@yourstore.com</arg>
<arg>12345</arg>
</arguments>
<kw name="Input my username" library="LoginResource">
<arguments>
<arg>${username}</arg>
</arguments>
<kw name="Input Text" library="SeleniumLibrary">
<doc>Types the given ``text`` into text field identified by ``locator``.</doc>
<arguments>
<arg>id:Email</arg>
<arg>${username}</arg>
</arguments>
<msg timestamp="20200823 23:19:27.752" level="INFO">Typing text 'admin@yourstore.com' into text field 'id:Email'.</msg>
<status status="PASS" starttime="20200823 23:19:27.752" endtime="20200823 23:19:28.041"></status>
</kw>
<status status="PASS" starttime="20200823 23:19:27.752" endtime="20200823 23:19:28.041"></status>
</kw>
<kw name="Input my pass" library="LoginResource">
<arguments>
<arg>${pass}</arg>
</arguments>
<kw name="Input Text" library="SeleniumLibrary">
<doc>Types the given ``text`` into text field identified by ``locator``.</doc>
<arguments>
<arg>id:Password</arg>
<arg>${pass}</arg>
</arguments>
<msg timestamp="20200823 23:19:28.042" level="INFO">Typing text '12345' into text field 'id:Password'.</msg>
<status status="PASS" starttime="20200823 23:19:28.042" endtime="20200823 23:19:28.203"></status>
</kw>
<status status="PASS" starttime="20200823 23:19:28.041" endtime="20200823 23:19:28.203"></status>
</kw>
<kw name="Click login button" library="LoginResource">
<kw name="Click Element" library="SeleniumLibrary">
<doc>Click element identified by ``locator``.</doc>
<arguments>
<arg>xpath://input[@type='submit']</arg>
</arguments>
<msg timestamp="20200823 23:19:28.204" level="INFO">Clicking element 'xpath://input[@type='submit']'.</msg>
<status status="PASS" starttime="20200823 23:19:28.204" endtime="20200823 23:19:29.568"></status>
</kw>
<status status="PASS" starttime="20200823 23:19:28.203" endtime="20200823 23:19:29.569"></status>
</kw>
<kw name="Unable to login" library="LoginResource">
<kw name="Page Should Contain" library="SeleniumLibrary">
<doc>Verifies that current page contains ``text``.</doc>
<arguments>
<arg>Login was unsuccessful</arg>
</arguments>
<msg timestamp="20200823 23:19:29.621" level="INFO">Current page contains text 'Login was unsuccessful'.</msg>
<status status="PASS" starttime="20200823 23:19:29.570" endtime="20200823 23:19:29.622"></status>
</kw>
<status status="PASS" starttime="20200823 23:19:29.569" endtime="20200823 23:19:29.622"></status>
</kw>
<status status="PASS" starttime="20200823 23:19:27.752" endtime="20200823 23:19:29.622"></status>
</kw>
<status status="PASS" starttime="20200823 23:19:27.752" endtime="20200823 23:19:29.622" critical="yes"></status>
</test>
<test id="s1-t2" name="LoginTestWithExcel using admin@yourstore.com and 567">
<kw name="Invalid Login">
<arguments>
<arg>admin@yourstore.com</arg>
<arg>567</arg>
</arguments>
<kw name="Input my username" library="LoginResource">
<arguments>
<arg>${username}</arg>
</arguments>
<kw name="Input Text" library="SeleniumLibrary">
<doc>Types the given ``text`` into text field identified by ``locator``.</doc>
<arguments>
<arg>id:Email</arg>
<arg>${username}</arg>
</arguments>
<msg timestamp="20200823 23:19:29.629" level="INFO">Typing text 'admin@yourstore.com' into text field 'id:Email'.</msg>
<status status="PASS" starttime="20200823 23:19:29.629" endtime="20200823 23:19:29.809"></status>
</kw>
<status status="PASS" starttime="20200823 23:19:29.628" endtime="20200823 23:19:29.810"></status>
</kw>
<kw name="Input my pass" library="LoginResource">
<arguments>
<arg>${pass}</arg>
</arguments>
<kw name="Input Text" library="SeleniumLibrary">
<doc>Types the given ``text`` into text field identified by ``locator``.</doc>
<arguments>
<arg>id:Password</arg>
<arg>${pass}</arg>
</arguments>
<msg timestamp="20200823 23:19:29.810" level="INFO">Typing text '567' into text field 'id:Password'.</msg>
<status status="PASS" starttime="20200823 23:19:29.810" endtime="20200823 23:19:29.948"></status>
</kw>
<status status="PASS" starttime="20200823 23:19:29.810" endtime="20200823 23:19:29.948"></status>
</kw>
<kw name="Click login button" library="LoginResource">
<kw name="Click Element" library="SeleniumLibrary">
<doc>Click element identified by ``locator``.</doc>
<arguments>
<arg>xpath://input[@type='submit']</arg>
</arguments>
<msg timestamp="20200823 23:19:29.949" level="INFO">Clicking element 'xpath://input[@type='submit']'.</msg>
<status status="PASS" starttime="20200823 23:19:29.949" endtime="20200823 23:19:30.730"></status>
</kw>
<status status="PASS" starttime="20200823 23:19:29.948" endtime="20200823 23:19:30.730"></status>
</kw>
<kw name="Unable to login" library="LoginResource">
<kw name="Page Should Contain" library="SeleniumLibrary">
<doc>Verifies that current page contains ``text``.</doc>
<arguments>
<arg>Login was unsuccessful</arg>
</arguments>
<msg timestamp="20200823 23:19:30.758" level="INFO">Current page contains text 'Login was unsuccessful'.</msg>
<status status="PASS" starttime="20200823 23:19:30.732" endtime="20200823 23:19:30.759"></status>
</kw>
<status status="PASS" starttime="20200823 23:19:30.730" endtime="20200823 23:19:30.759"></status>
</kw>
<status status="PASS" starttime="20200823 23:19:29.627" endtime="20200823 23:19:30.759"></status>
</kw>
<status status="PASS" starttime="20200823 23:19:29.626" endtime="20200823 23:19:30.760" critical="yes"></status>
</test>
<test id="s1-t3" name="LoginTestWithExcel using admin@yourstore.com and edfghjk">
<kw name="Invalid Login">
<arguments>
<arg>admin@yourstore.com</arg>
<arg>edfghjk</arg>
</arguments>
<kw name="Input my username" library="LoginResource">
<arguments>
<arg>${username}</arg>
</arguments>
<kw name="Input Text" library="SeleniumLibrary">
<doc>Types the given ``text`` into text field identified by ``locator``.</doc>
<arguments>
<arg>id:Email</arg>
<arg>${username}</arg>
</arguments>
<msg timestamp="20200823 23:19:30.772" level="INFO">Typing text 'admin@yourstore.com' into text field 'id:Email'.</msg>
<status status="PASS" starttime="20200823 23:19:30.771" endtime="20200823 23:19:31.005"></status>
</kw>
<status status="PASS" starttime="20200823 23:19:30.771" endtime="20200823 23:19:31.005"></status>
</kw>
<kw name="Input my pass" library="LoginResource">
<arguments>
<arg>${pass}</arg>
</arguments>
<kw name="Input Text" library="SeleniumLibrary">
<doc>Types the given ``text`` into text field identified by ``locator``.</doc>
<arguments>
<arg>id:Password</arg>
<arg>${pass}</arg>
</arguments>
<msg timestamp="20200823 23:19:31.006" level="INFO">Typing text 'edfghjk' into text field 'id:Password'.</msg>
<status status="PASS" starttime="20200823 23:19:31.006" endtime="20200823 23:19:31.185"></status>
</kw>
<status status="PASS" starttime="20200823 23:19:31.006" endtime="20200823 23:19:31.185"></status>
</kw>
<kw name="Click login button" library="LoginResource">
<kw name="Click Element" library="SeleniumLibrary">
<doc>Click element identified by ``locator``.</doc>
<arguments>
<arg>xpath://input[@type='submit']</arg>
</arguments>
<msg timestamp="20200823 23:19:31.186" level="INFO">Clicking element 'xpath://input[@type='submit']'.</msg>
<status status="PASS" starttime="20200823 23:19:31.186" endtime="20200823 23:19:32.002"></status>
</kw>
<status status="PASS" starttime="20200823 23:19:31.185" endtime="20200823 23:19:32.003"></status>
</kw>
<kw name="Unable to login" library="LoginResource">
<kw name="Page Should Contain" library="SeleniumLibrary">
<doc>Verifies that current page contains ``text``.</doc>
<arguments>
<arg>Login was unsuccessful</arg>
</arguments>
<msg timestamp="20200823 23:19:32.040" level="INFO">Current page contains text 'Login was unsuccessful'.</msg>
<status status="PASS" starttime="20200823 23:19:32.005" endtime="20200823 23:19:32.041"></status>
</kw>
<status status="PASS" starttime="20200823 23:19:32.004" endtime="20200823 23:19:32.044"></status>
</kw>
<status status="PASS" starttime="20200823 23:19:30.769" endtime="20200823 23:19:32.047"></status>
</kw>
<status status="PASS" starttime="20200823 23:19:30.768" endtime="20200823 23:19:32.048" critical="yes"></status>
</test>
<kw name="Close my browser" library="LoginResource" type="teardown">
<kw name="Close All Browsers" library="SeleniumLibrary">
<doc>Closes all open browsers and resets the browser cache.</doc>
<status status="PASS" starttime="20200823 23:19:32.054" endtime="20200823 23:19:34.522"></status>
</kw>
<status status="PASS" starttime="20200823 23:19:32.053" endtime="20200823 23:19:34.522"></status>
</kw>
<status status="PASS" starttime="20200823 23:19:15.725" endtime="20200823 23:19:34.522"></status>
</suite>
<statistics>
<total>
<stat pass="3" fail="0">Critical Tests</stat>
<stat pass="3" fail="0">All Tests</stat>
</total>
<tag>
</tag>
<suite>
<stat pass="3" fail="0" id="s1" name="DataDrivenLoginExcel">DataDrivenLoginExcel</stat>
</suite>
</statistics>
<errors>
</errors>
</robot>
